Aug 09, 2022 5:25:09 PM org.rmj.replication.utility.LogWrapper info
INFO: Employee M00121001495 authorized mobile is 09559285921
Aug 11, 2022 4:02:14 PM org.rmj.replication.utility.LogWrapper info
INFO: Employee M00121001495 authorized mobile is 09559285921
Aug 11, 2022 4:02:15 PM org.rmj.replication.utility.LogWrapper info
INFO: Approval: SMS Created for branch...
Aug 11, 2022 4:02:15 PM org.rmj.replication.utility.LogWrapper info
INFO: SMS Created for field specialists...
Aug 11, 2022 4:02:15 PM org.rmj.replication.utility.LogWrapper info
INFO: Employee M00121001495 authorized mobile is 09559285921
Aug 11, 2022 4:02:15 PM org.rmj.replication.utility.LogWrapper info
INFO: Approval: SMS Created for branch...
Aug 11, 2022 4:02:15 PM org.rmj.replication.utility.LogWrapper info
INFO: SMS Created for field specialists...
Aug 11, 2022 4:02:15 PM org.rmj.replication.utility.LogWrapper info
INFO: Employee M00121001495 authorized mobile is 09559285921
Aug 11, 2022 4:02:15 PM org.rmj.replication.utility.LogWrapper info
INFO: Approval: SMS Created for branch...
Aug 11, 2022 4:02:15 PM org.rmj.replication.utility.LogWrapper info
INFO: SMS Created for field specialists...
Aug 11, 2022 4:02:15 PM org.rmj.replication.utility.LogWrapper info
INFO: Employee M00120002020 authorized mobile is 09566994387
Aug 11, 2022 4:02:16 PM org.rmj.replication.utility.LogWrapper info
INFO: Approval: SMS Created for branch...
Aug 11, 2022 4:02:16 PM org.rmj.replication.utility.LogWrapper info
INFO: SMS Created for field specialists...
Aug 11, 2022 4:02:16 PM org.rmj.replication.utility.LogWrapper info
INFO: Employee M00121001495 authorized mobile is 09559285921
Aug 11, 2022 4:02:17 PM org.rmj.replication.utility.LogWrapper info
INFO: Approval: SMS Created for branch...
Aug 11, 2022 4:02:17 PM org.rmj.replication.utility.LogWrapper info
INFO: SMS Created for field specialists...
Aug 11, 2022 4:02:17 PM org.rmj.replication.utility.LogWrapper info
INFO: Employee M00121001091 authorized mobile is 09462276031
Aug 11, 2022 4:02:17 PM org.rmj.replication.utility.LogWrapper info
INFO: Approval: SMS Created for branch...
Aug 11, 2022 4:02:18 PM org.rmj.replication.utility.LogWrapper info
INFO: SMS Created for field specialists...
Aug 11, 2022 4:02:18 PM org.rmj.replication.utility.LogWrapper info
INFO: Employee M00121001495 authorized mobile is 09559285921
Aug 11, 2022 4:02:18 PM org.rmj.replication.utility.LogWrapper info
INFO: Approval: SMS Created for branch...
Aug 11, 2022 4:02:18 PM org.rmj.replication.utility.LogWrapper info
INFO: SMS Created for field specialists...
Aug 11, 2022 4:02:18 PM org.rmj.replication.utility.LogWrapper info
INFO: Employee M00121001495 authorized mobile is 09559285921
Aug 11, 2022 4:02:18 PM org.rmj.replication.utility.LogWrapper info
INFO: Approval: SMS Created for branch...
Aug 11, 2022 4:02:18 PM org.rmj.replication.utility.LogWrapper info
INFO: SMS Created for field specialists...
Aug 11, 2022 4:02:18 PM org.rmj.replication.utility.LogWrapper info
INFO: Employee M00119002529 authorized mobile is 09430915430
Aug 11, 2022 4:02:19 PM org.rmj.replication.utility.LogWrapper info
INFO: Approval: SMS Created for branch...
Aug 11, 2022 4:02:19 PM org.rmj.replication.utility.LogWrapper info
INFO: SMS Created for field specialists...
Aug 11, 2022 4:02:19 PM org.rmj.replication.utility.LogWrapper info
INFO: Employee M00121001495 authorized mobile is 09559285921
Aug 11, 2022 4:02:19 PM org.rmj.replication.utility.LogWrapper info
INFO: Approval: SMS Created for branch...
Aug 11, 2022 4:02:19 PM org.rmj.replication.utility.LogWrapper info
INFO: SMS Created for field specialists...
Aug 11, 2022 4:02:19 PM org.rmj.replication.utility.LogWrapper info
INFO: Employee M00119002529 authorized mobile is 09430915430
Aug 11, 2022 4:02:19 PM org.rmj.replication.utility.LogWrapper info
INFO: Approval: SMS Created for branch...
Aug 11, 2022 4:02:19 PM org.rmj.replication.utility.LogWrapper info
INFO: SMS Created for field specialists...
Aug 11, 2022 4:02:19 PM org.rmj.replication.utility.LogWrapper info
INFO: Employee M00120002020 authorized mobile is 09566994387
Aug 11, 2022 4:02:20 PM org.rmj.replication.utility.LogWrapper info
INFO: Approval: SMS Created for branch...
Aug 11, 2022 4:02:20 PM org.rmj.replication.utility.LogWrapper info
INFO: SMS Created for field specialists...
Aug 11, 2022 4:02:20 PM org.rmj.replication.utility.LogWrapper info
INFO: Employee M00121001495 authorized mobile is 09559285921
Aug 11, 2022 4:02:20 PM org.rmj.replication.utility.LogWrapper info
INFO: Approval: SMS Created for branch...
Aug 11, 2022 4:02:20 PM org.rmj.replication.utility.LogWrapper info
INFO: SMS Created for field specialists...
Aug 11, 2022 4:02:20 PM org.rmj.replication.utility.LogWrapper info
INFO: Employee M00121001091 authorized mobile is 09462276031
Aug 11, 2022 4:02:21 PM org.rmj.replication.utility.LogWrapper info
INFO: Approval: SMS Created for branch...
Aug 11, 2022 4:02:21 PM org.rmj.replication.utility.LogWrapper info
INFO: SMS Created for field specialists...
Aug 11, 2022 4:02:21 PM org.rmj.replication.utility.LogWrapper info
INFO: Employee M00121001495 authorized mobile is 09559285921
Aug 11, 2022 4:02:22 PM org.rmj.replication.utility.LogWrapper info
INFO: Approval: SMS Created for branch...
Aug 11, 2022 4:02:22 PM org.rmj.replication.utility.LogWrapper info
INFO: SMS Created for field specialists...
Aug 11, 2022 4:02:22 PM org.rmj.replication.utility.LogWrapper info
INFO: Employee M00121001495 authorized mobile is 09559285921
Aug 11, 2022 4:02:22 PM org.rmj.replication.utility.LogWrapper info
INFO: Approval: SMS Created for branch...
Aug 11, 2022 4:02:22 PM org.rmj.replication.utility.LogWrapper info
INFO: SMS Created for field specialists...
Aug 11, 2022 4:02:22 PM org.rmj.replication.utility.LogWrapper info
INFO: Employee M00121001199 authorized mobile is 09322173903
Aug 11, 2022 4:02:23 PM org.rmj.replication.utility.LogWrapper info
INFO: Approval: SMS Created for branch...
Aug 11, 2022 4:02:23 PM org.rmj.replication.utility.LogWrapper info
INFO: SMS Created for field specialists...
Aug 11, 2022 4:02:23 PM org.rmj.replication.utility.LogWrapper info
INFO: Employee M00120002020 authorized mobile is 09566994387
Aug 11, 2022 4:02:25 PM org.rmj.replication.utility.LogWrapper info
INFO: Approval: SMS Created for branch...
Aug 11, 2022 4:02:25 PM org.rmj.replication.utility.LogWrapper info
INFO: SMS Created for field specialists...
Aug 11, 2022 4:02:25 PM org.rmj.replication.utility.LogWrapper info
INFO: Employee M00114000720 authorized mobile is 09531283570
Aug 11, 2022 4:02:25 PM org.rmj.replication.utility.LogWrapper info
INFO: Approval: SMS Created for branch...
Aug 11, 2022 4:02:25 PM org.rmj.replication.utility.LogWrapper info
INFO: SMS Created for field specialists...
Aug 11, 2022 4:02:25 PM org.rmj.replication.utility.LogWrapper info
INFO: Employee M00121001495 authorized mobile is 09559285921
Aug 11, 2022 4:02:26 PM org.rmj.replication.utility.LogWrapper info
INFO: Approval: SMS Created for branch...
Aug 11, 2022 4:02:26 PM org.rmj.replication.utility.LogWrapper info
INFO: SMS Created for field specialists...
Aug 11, 2022 4:02:26 PM org.rmj.replication.utility.LogWrapper info
INFO: Employee M00121001495 authorized mobile is 09559285921
Aug 11, 2022 4:02:27 PM org.rmj.replication.utility.LogWrapper info
INFO: Approval: SMS Created for branch...
Aug 11, 2022 4:02:27 PM org.rmj.replication.utility.LogWrapper info
INFO: SMS Created for field specialists...
Aug 11, 2022 4:02:27 PM org.rmj.replication.utility.LogWrapper info
INFO: Employee M05611000473 authorized mobile is 09616288260
Aug 11, 2022 4:02:28 PM org.rmj.replication.utility.LogWrapper info
INFO: Approval: SMS Created for branch...
Aug 11, 2022 4:02:28 PM org.rmj.replication.utility.LogWrapper info
INFO: SMS Created for field specialists...
Aug 11, 2022 4:02:28 PM org.rmj.replication.utility.LogWrapper info
INFO: Employee M00114000720 authorized mobile is 09531283570
Aug 11, 2022 4:02:28 PM org.rmj.replication.utility.LogWrapper info
INFO: Approval: SMS Created for branch...
Aug 11, 2022 4:02:29 PM org.rmj.replication.utility.LogWrapper info
INFO: SMS Created for field specialists...
Aug 11, 2022 4:02:29 PM org.rmj.replication.utility.LogWrapper info
INFO: Employee M00119002529 authorized mobile is 09430915430
Aug 11, 2022 4:02:29 PM org.rmj.replication.utility.LogWrapper info
INFO: Approval: SMS Created for branch...
Aug 11, 2022 4:02:29 PM org.rmj.replication.utility.LogWrapper info
INFO: SMS Created for field specialists...
Aug 11, 2022 4:02:29 PM org.rmj.replication.utility.LogWrapper info
INFO: Employee M00119002529 authorized mobile is 09430915430
Aug 11, 2022 4:02:30 PM org.rmj.replication.utility.LogWrapper info
INFO: Approval: SMS Created for branch...
Aug 11, 2022 4:02:30 PM org.rmj.replication.utility.LogWrapper info
INFO: SMS Created for field specialists...
Aug 11, 2022 4:02:30 PM org.rmj.replication.utility.LogWrapper info
INFO: Employee M05611000473 authorized mobile is 09616288260
Aug 11, 2022 4:02:30 PM org.rmj.replication.utility.LogWrapper info
INFO: Approval: SMS Created for branch...
Aug 11, 2022 4:02:30 PM org.rmj.replication.utility.LogWrapper info
INFO: SMS Created for field specialists...
Aug 11, 2022 4:02:30 PM org.rmj.replication.utility.LogWrapper info
INFO: Employee M00117002602 authorized mobile is 09323196986
Aug 11, 2022 4:02:31 PM org.rmj.replication.utility.LogWrapper info
INFO: Approval: SMS Created for branch...
Aug 11, 2022 4:02:31 PM org.rmj.replication.utility.LogWrapper info
INFO: SMS Created for field specialists...
Aug 11, 2022 4:02:31 PM org.rmj.replication.utility.LogWrapper info
INFO: Employee M00117002602 authorized mobile is 09323196986
Aug 11, 2022 4:02:32 PM org.rmj.replication.utility.LogWrapper info
INFO: Approval: SMS Created for branch...
Aug 11, 2022 4:02:32 PM org.rmj.replication.utility.LogWrapper info
INFO: SMS Created for field specialists...
Aug 11, 2022 4:02:32 PM org.rmj.replication.utility.LogWrapper info
INFO: Employee M00121001495 authorized mobile is 09559285921
Aug 11, 2022 4:02:33 PM org.rmj.replication.utility.LogWrapper info
INFO: Approval: SMS Created for branch...
Aug 11, 2022 4:02:33 PM org.rmj.replication.utility.LogWrapper info
INFO: SMS Created for field specialists...
Aug 11, 2022 4:02:33 PM org.rmj.replication.utility.LogWrapper info
INFO: Employee M00114000720 authorized mobile is 09531283570
Aug 11, 2022 4:02:34 PM org.rmj.replication.utility.LogWrapper info
INFO: Approval: SMS Created for branch...
Aug 11, 2022 4:02:34 PM org.rmj.replication.utility.LogWrapper info
INFO: SMS Created for field specialists...
Aug 11, 2022 4:02:34 PM org.rmj.replication.utility.LogWrapper info
INFO: Employee M00114000720 authorized mobile is 09531283570
Aug 11, 2022 4:02:34 PM org.rmj.replication.utility.LogWrapper info
INFO: Approval: SMS Created for branch...
Aug 11, 2022 4:02:34 PM org.rmj.replication.utility.LogWrapper info
INFO: SMS Created for field specialists...
Aug 11, 2022 4:02:34 PM org.rmj.replication.utility.LogWrapper info
INFO: Employee M00114000720 authorized mobile is 09531283570
Aug 11, 2022 4:02:35 PM org.rmj.replication.utility.LogWrapper info
INFO: Approval: SMS Created for branch...
Aug 11, 2022 4:02:35 PM org.rmj.replication.utility.LogWrapper info
INFO: SMS Created for field specialists...
Aug 11, 2022 4:02:35 PM org.rmj.replication.utility.LogWrapper info
INFO: Employee M00114000720 authorized mobile is 09531283570
Aug 11, 2022 4:02:35 PM org.rmj.replication.utility.LogWrapper info
INFO: Approval: SMS Created for branch...
Aug 11, 2022 4:02:35 PM org.rmj.replication.utility.LogWrapper info
INFO: SMS Created for field specialists...
Aug 11, 2022 4:02:35 PM org.rmj.replication.utility.LogWrapper info
INFO: Employee M00114000720 authorized mobile is 09531283570
Aug 11, 2022 4:02:36 PM org.rmj.replication.utility.LogWrapper info
INFO: Approval: SMS Created for branch...
Aug 11, 2022 4:02:36 PM org.rmj.replication.utility.LogWrapper info
INFO: SMS Created for field specialists...
Aug 11, 2022 4:02:36 PM org.rmj.replication.utility.LogWrapper info
INFO: Employee M00117002602 authorized mobile is 09323196986
Aug 11, 2022 4:02:37 PM org.rmj.replication.utility.LogWrapper info
INFO: Approval: SMS Created for branch...
Aug 11, 2022 4:02:37 PM org.rmj.replication.utility.LogWrapper info
INFO: SMS Created for field specialists...
Aug 11, 2022 4:02:37 PM org.rmj.replication.utility.LogWrapper info
INFO: Employee M00121001495 authorized mobile is 09559285921
Aug 11, 2022 4:02:37 PM org.rmj.replication.utility.LogWrapper info
INFO: Approval: SMS Created for branch...
Aug 11, 2022 4:02:38 PM org.rmj.replication.utility.LogWrapper info
INFO: SMS Created for field specialists...
Aug 11, 2022 4:02:38 PM org.rmj.replication.utility.LogWrapper info
INFO: Employee M00121001495 authorized mobile is 09559285921
Aug 11, 2022 4:02:38 PM org.rmj.replication.utility.LogWrapper info
INFO: Approval: SMS Created for branch...
Aug 11, 2022 4:02:39 PM org.rmj.replication.utility.LogWrapper info
INFO: SMS Created for field specialists...
Aug 11, 2022 4:02:39 PM org.rmj.replication.utility.LogWrapper info
INFO: Employee M00118001001 authorized mobile is 09564711512
Aug 11, 2022 4:02:40 PM org.rmj.replication.utility.LogWrapper info
INFO: Approval: SMS Created for branch...
Aug 11, 2022 4:02:40 PM org.rmj.replication.utility.LogWrapper info
INFO: SMS Created for field specialists...
Aug 11, 2022 4:02:41 PM org.rmj.replication.utility.LogWrapper info
INFO: Employee M00121001091 authorized mobile is 09462276031
Aug 11, 2022 4:02:41 PM org.rmj.replication.utility.LogWrapper info
INFO: Approval: SMS Created for branch...
Aug 11, 2022 4:02:41 PM org.rmj.replication.utility.LogWrapper info
INFO: SMS Created for field specialists...
Aug 11, 2022 4:02:41 PM org.rmj.replication.utility.LogWrapper info
INFO: Employee M00120002020 authorized mobile is 09566994387
Aug 11, 2022 4:02:42 PM org.rmj.replication.utility.LogWrapper info
INFO: Approval: SMS Created for branch...
Aug 11, 2022 4:02:42 PM org.rmj.replication.utility.LogWrapper info
INFO: SMS Created for field specialists...
Aug 11, 2022 4:02:42 PM org.rmj.replication.utility.LogWrapper info
INFO: Employee M00117002602 authorized mobile is 09323196986
Aug 11, 2022 4:02:43 PM org.rmj.replication.utility.LogWrapper info
INFO: Approval: SMS Created for branch...
Aug 11, 2022 4:02:43 PM org.rmj.replication.utility.LogWrapper info
INFO: SMS Created for field specialists...
Aug 11, 2022 4:02:43 PM org.rmj.replication.utility.LogWrapper info
INFO: Employee M00117002602 authorized mobile is 09323196986
Aug 11, 2022 4:02:43 PM org.rmj.replication.utility.LogWrapper info
INFO: Approval: SMS Created for branch...
Aug 11, 2022 4:02:44 PM org.rmj.replication.utility.LogWrapper info
INFO: SMS Created for field specialists...
Aug 11, 2022 4:02:44 PM org.rmj.replication.utility.LogWrapper info
INFO: Employee M00121001495 authorized mobile is 09559285921
Aug 11, 2022 4:02:44 PM org.rmj.replication.utility.LogWrapper info
INFO: Approval: SMS Created for branch...
Aug 11, 2022 4:02:44 PM org.rmj.replication.utility.LogWrapper info
INFO: SMS Created for field specialists...
Aug 11, 2022 4:02:45 PM org.rmj.replication.utility.LogWrapper info
INFO: Employee M00119001340 authorized mobile is 09175065800
Aug 11, 2022 4:02:45 PM org.rmj.replication.utility.LogWrapper info
INFO: Approval: SMS Created for branch...
Aug 11, 2022 4:02:45 PM org.rmj.replication.utility.LogWrapper info
INFO: SMS Created for field specialists...
Aug 11, 2022 4:02:45 PM org.rmj.replication.utility.LogWrapper info
INFO: Employee M00117002602 authorized mobile is 09323196986
Aug 11, 2022 4:02:46 PM org.rmj.replication.utility.LogWrapper info
INFO: Approval: SMS Created for branch...
Aug 11, 2022 4:02:46 PM org.rmj.replication.utility.LogWrapper info
INFO: SMS Created for field specialists...
Aug 11, 2022 4:02:46 PM org.rmj.replication.utility.LogWrapper info
INFO: Employee M00119001340 authorized mobile is 09175065800
Aug 11, 2022 4:02:46 PM org.rmj.replication.utility.LogWrapper info
INFO: Approval: SMS Created for branch...
Aug 11, 2022 4:02:46 PM org.rmj.replication.utility.LogWrapper info
INFO: SMS Created for field specialists...
Aug 11, 2022 4:02:46 PM org.rmj.replication.utility.LogWrapper info
INFO: Employee M00121001091 authorized mobile is 09462276031
Aug 11, 2022 4:02:47 PM org.rmj.replication.utility.LogWrapper info
INFO: Approval: SMS Created for branch...
Aug 11, 2022 4:02:47 PM org.rmj.replication.utility.LogWrapper info
INFO: SMS Created for field specialists...
Aug 11, 2022 4:02:48 PM org.rmj.replication.utility.LogWrapper info
INFO: Employee M00119001340 authorized mobile is 09175065800
Aug 11, 2022 4:02:48 PM org.rmj.replication.utility.LogWrapper info
INFO: Approval: SMS Created for branch...
Aug 11, 2022 4:02:48 PM org.rmj.replication.utility.LogWrapper info
INFO: SMS Created for field specialists...
Aug 11, 2022 4:02:48 PM org.rmj.replication.utility.LogWrapper info
INFO: Employee M00119001340 authorized mobile is 09175065800
Aug 11, 2022 4:02:49 PM org.rmj.replication.utility.LogWrapper info
INFO: Approval: SMS Created for branch...
Aug 11, 2022 4:02:49 PM org.rmj.replication.utility.LogWrapper info
INFO: SMS Created for field specialists...
Aug 11, 2022 4:02:50 PM org.rmj.replication.utility.LogWrapper info
INFO: Employee M00118001001 authorized mobile is 09564711512
Aug 11, 2022 4:02:51 PM org.rmj.replication.utility.LogWrapper info
INFO: Approval: SMS Created for branch...
Aug 11, 2022 4:02:51 PM org.rmj.replication.utility.LogWrapper info
INFO: SMS Created for field specialists...
Aug 11, 2022 4:02:51 PM org.rmj.replication.utility.LogWrapper info
INFO: Employee M00119001983 authorized mobile is 09108886964
Aug 11, 2022 4:02:53 PM org.rmj.replication.utility.LogWrapper info
INFO: Approval: SMS Created for branch...
Aug 11, 2022 4:02:53 PM org.rmj.replication.utility.LogWrapper info
INFO: SMS Created for field specialists...
Aug 11, 2022 4:02:53 PM org.rmj.replication.utility.LogWrapper info
INFO: Employee M00120002020 authorized mobile is 09566994387
Aug 11, 2022 4:02:54 PM org.rmj.replication.utility.LogWrapper info
INFO: Approval: SMS Created for branch...
Aug 11, 2022 4:02:54 PM org.rmj.replication.utility.LogWrapper info
INFO: SMS Created for field specialists...
Aug 15, 2022 2:30:19 PM org.rmj.replication.utility.LogWrapper info
INFO: Employee M00117002602 authorized mobile is 09323196986
Aug 15, 2022 2:30:27 PM org.rmj.replication.utility.LogWrapper info
INFO: Approval: SMS Created for branch...
Aug 15, 2022 2:30:27 PM org.rmj.replication.utility.LogWrapper info
INFO: SMS Created for field specialists...
Aug 15, 2022 2:30:27 PM org.rmj.replication.utility.LogWrapper info
INFO: Employee M00117002602 authorized mobile is 09323196986
Aug 15, 2022 2:30:31 PM org.rmj.replication.utility.LogWrapper info
INFO: Approval: SMS Created for branch...
Aug 15, 2022 2:30:31 PM org.rmj.replication.utility.LogWrapper info
INFO: SMS Created for field specialists...
Aug 15, 2022 2:30:31 PM org.rmj.replication.utility.LogWrapper info
INFO: Employee M05611000473 authorized mobile is 09616288260
Aug 15, 2022 2:30:57 PM org.rmj.replication.utility.LogWrapper info
INFO: Approval: SMS Created for branch...
Aug 15, 2022 2:30:57 PM org.rmj.replication.utility.LogWrapper info
INFO: SMS Created for field specialists...
Aug 15, 2022 2:30:57 PM org.rmj.replication.utility.LogWrapper info
INFO: Employee M00119002529 authorized mobile is 09430915430
Aug 15, 2022 2:31:33 PM org.rmj.replication.utility.LogWrapper info
INFO: Approval: SMS Created for branch...
Aug 15, 2022 2:31:33 PM org.rmj.replication.utility.LogWrapper info
INFO: SMS Created for field specialists...
Aug 15, 2022 2:31:34 PM org.rmj.replication.utility.LogWrapper info
INFO: Employee M00119002529 authorized mobile is 09430915430
Aug 15, 2022 2:32:13 PM org.rmj.replication.utility.LogWrapper info
INFO: Approval: SMS Created for branch...
Aug 15, 2022 2:32:13 PM org.rmj.replication.utility.LogWrapper info
INFO: SMS Created for field specialists...
Aug 15, 2022 2:32:13 PM org.rmj.replication.utility.LogWrapper info
INFO: Employee M00119002529 authorized mobile is 09430915430
Aug 15, 2022 2:32:39 PM org.rmj.replication.utility.LogWrapper info
INFO: Approval: SMS Created for branch...
Aug 15, 2022 2:32:39 PM org.rmj.replication.utility.LogWrapper info
INFO: SMS Created for field specialists...
Aug 15, 2022 2:32:39 PM org.rmj.replication.utility.LogWrapper info
INFO: Employee M00120002020 authorized mobile is 09566994387
Aug 15, 2022 2:32:42 PM org.rmj.replication.utility.LogWrapper info
INFO: Approval: SMS Created for branch...
Aug 15, 2022 2:32:42 PM org.rmj.replication.utility.LogWrapper info
INFO: SMS Created for field specialists...
Aug 15, 2022 2:32:42 PM org.rmj.replication.utility.LogWrapper info
INFO: Employee M00120002020 authorized mobile is 09566994387
Aug 15, 2022 2:32:46 PM org.rmj.replication.utility.LogWrapper info
INFO: Approval: SMS Created for branch...
Aug 15, 2022 2:32:46 PM org.rmj.replication.utility.LogWrapper info
INFO: SMS Created for field specialists...
Aug 15, 2022 2:32:46 PM org.rmj.replication.utility.LogWrapper info
INFO: Employee M00119002529 authorized mobile is 09430915430
Aug 15, 2022 2:32:51 PM org.rmj.replication.utility.LogWrapper info
INFO: Approval: SMS Created for branch...
Aug 15, 2022 2:32:51 PM org.rmj.replication.utility.LogWrapper info
INFO: SMS Created for field specialists...
Aug 15, 2022 2:32:51 PM org.rmj.replication.utility.LogWrapper info
INFO: Employee M00119002529 authorized mobile is 09430915430
Aug 15, 2022 2:32:51 PM org.rmj.replication.utility.LogWrapper info
INFO: Approval: SMS Created for branch...
Aug 15, 2022 2:32:51 PM org.rmj.replication.utility.LogWrapper info
INFO: SMS Created for field specialists...
Aug 15, 2022 2:32:51 PM org.rmj.replication.utility.LogWrapper info
INFO: Employee M00119002529 authorized mobile is 09430915430
Aug 15, 2022 2:32:52 PM org.rmj.replication.utility.LogWrapper info
INFO: Approval: SMS Created for branch...
Aug 15, 2022 2:32:52 PM org.rmj.replication.utility.LogWrapper info
INFO: SMS Created for field specialists...
Aug 15, 2022 2:32:52 PM org.rmj.replication.utility.LogWrapper info
INFO: Employee M00117001278 authorized mobile is 09288944618
Aug 15, 2022 2:32:52 PM org.rmj.replication.utility.LogWrapper info
INFO: Approval: SMS Created for branch...
Aug 15, 2022 2:32:52 PM org.rmj.replication.utility.LogWrapper info
INFO: SMS Created for field specialists...
Aug 15, 2022 2:32:52 PM org.rmj.replication.utility.LogWrapper info
INFO: Employee M00119001340 authorized mobile is 09175065800
Aug 15, 2022 2:32:52 PM org.rmj.replication.utility.LogWrapper info
INFO: Approval: SMS Created for branch...
Aug 15, 2022 2:32:52 PM org.rmj.replication.utility.LogWrapper info
INFO: SMS Created for field specialists...
Aug 15, 2022 2:32:53 PM org.rmj.replication.utility.LogWrapper info
INFO: Employee M00121001091 authorized mobile is 09462276031
Aug 15, 2022 2:32:53 PM org.rmj.replication.utility.LogWrapper info
INFO: Approval: SMS Created for branch...
Aug 15, 2022 2:32:53 PM org.rmj.replication.utility.LogWrapper info
INFO: SMS Created for field specialists...
Aug 15, 2022 2:32:53 PM org.rmj.replication.utility.LogWrapper info
INFO: Employee M00120001786 authorized mobile is 09635292487
Aug 15, 2022 2:32:53 PM org.rmj.replication.utility.LogWrapper info
INFO: Approval: SMS Created for branch...
Aug 15, 2022 2:32:53 PM org.rmj.replication.utility.LogWrapper info
INFO: SMS Created for field specialists...
Aug 15, 2022 2:32:53 PM org.rmj.replication.utility.LogWrapper info
INFO: Employee M00117002602 authorized mobile is 09323196986
Aug 15, 2022 2:32:54 PM org.rmj.replication.utility.LogWrapper info
INFO: Approval: SMS Created for branch...
Aug 15, 2022 2:32:54 PM org.rmj.replication.utility.LogWrapper info
INFO: SMS Created for field specialists...
Aug 15, 2022 2:32:54 PM org.rmj.replication.utility.LogWrapper info
INFO: Employee M00117001278 authorized mobile is 09288944618
Aug 15, 2022 2:32:54 PM org.rmj.replication.utility.LogWrapper info
INFO: Approval: SMS Created for branch...
Aug 15, 2022 2:32:54 PM org.rmj.replication.utility.LogWrapper info
INFO: SMS Created for field specialists...
Aug 15, 2022 2:32:54 PM org.rmj.replication.utility.LogWrapper info
INFO: Employee M00113001548 authorized mobile is 09274958653
Aug 15, 2022 2:32:54 PM org.rmj.replication.utility.LogWrapper info
INFO: Approval: SMS Created for branch...
Aug 15, 2022 2:32:55 PM org.rmj.replication.utility.LogWrapper info
INFO: SMS Created for field specialists...
Aug 15, 2022 2:32:55 PM org.rmj.replication.utility.LogWrapper info
INFO: Employee M00113001548 authorized mobile is 09274958653
Aug 15, 2022 2:32:55 PM org.rmj.replication.utility.LogWrapper info
INFO: Approval: SMS Created for branch...
Aug 15, 2022 2:32:55 PM org.rmj.replication.utility.LogWrapper info
INFO: SMS Created for field specialists...
Aug 15, 2022 2:32:55 PM org.rmj.replication.utility.LogWrapper info
INFO: Employee M00119001340 authorized mobile is 09175065800
Aug 15, 2022 2:32:55 PM org.rmj.replication.utility.LogWrapper info
INFO: Approval: SMS Created for branch...
Aug 15, 2022 2:32:55 PM org.rmj.replication.utility.LogWrapper info
INFO: SMS Created for field specialists...
Aug 15, 2022 2:32:55 PM org.rmj.replication.utility.LogWrapper info
INFO: Employee M00121001495 authorized mobile is 09559285921
Aug 15, 2022 2:32:56 PM org.rmj.replication.utility.LogWrapper info
INFO: Approval: SMS Created for branch...
Aug 15, 2022 2:32:56 PM org.rmj.replication.utility.LogWrapper info
INFO: SMS Created for field specialists...
Aug 15, 2022 2:32:56 PM org.rmj.replication.utility.LogWrapper info
INFO: Employee M00121001495 authorized mobile is 09559285921
Aug 15, 2022 2:32:56 PM org.rmj.replication.utility.LogWrapper info
INFO: Approval: SMS Created for branch...
Aug 15, 2022 2:32:56 PM org.rmj.replication.utility.LogWrapper info
INFO: SMS Created for field specialists...
Aug 15, 2022 2:32:56 PM org.rmj.replication.utility.LogWrapper info
INFO: Employee M00120001786 authorized mobile is 09635292487
Aug 15, 2022 2:32:57 PM org.rmj.replication.utility.LogWrapper info
INFO: Approval: SMS Created for branch...
Aug 15, 2022 2:32:57 PM org.rmj.replication.utility.LogWrapper info
INFO: SMS Created for field specialists...
Aug 15, 2022 2:32:57 PM org.rmj.replication.utility.LogWrapper info
INFO: Employee M00117001278 authorized mobile is 09288944618
Aug 15, 2022 2:32:57 PM org.rmj.replication.utility.LogWrapper info
INFO: Approval: SMS Created for branch...
Aug 15, 2022 2:32:57 PM org.rmj.replication.utility.LogWrapper info
INFO: SMS Created for field specialists...
Aug 15, 2022 2:32:57 PM org.rmj.replication.utility.LogWrapper info
INFO: Employee M00119001340 authorized mobile is 09175065800
Aug 15, 2022 2:32:57 PM org.rmj.replication.utility.LogWrapper info
INFO: Approval: SMS Created for branch...
Aug 15, 2022 2:32:57 PM org.rmj.replication.utility.LogWrapper info
INFO: SMS Created for field specialists...
Aug 15, 2022 2:32:57 PM org.rmj.replication.utility.LogWrapper info
INFO: Employee M00117002602 authorized mobile is 09323196986
Aug 15, 2022 2:32:58 PM org.rmj.replication.utility.LogWrapper info
INFO: Approval: SMS Created for branch...
Aug 15, 2022 2:32:58 PM org.rmj.replication.utility.LogWrapper info
INFO: SMS Created for field specialists...
Aug 15, 2022 2:32:58 PM org.rmj.replication.utility.LogWrapper info
INFO: Employee M00117002602 authorized mobile is 09323196986
Aug 15, 2022 2:32:58 PM org.rmj.replication.utility.LogWrapper info
INFO: Approval: SMS Created for branch...
Aug 15, 2022 2:32:58 PM org.rmj.replication.utility.LogWrapper info
INFO: SMS Created for field specialists...
Aug 15, 2022 2:32:58 PM org.rmj.replication.utility.LogWrapper info
INFO: Employee M00121001495 authorized mobile is 09559285921
Aug 15, 2022 2:32:58 PM org.rmj.replication.utility.LogWrapper info
INFO: Approval: SMS Created for branch...
Aug 15, 2022 2:32:58 PM org.rmj.replication.utility.LogWrapper info
INFO: SMS Created for field specialists...
Aug 15, 2022 2:32:58 PM org.rmj.replication.utility.LogWrapper info
INFO: Employee C01111003207 authorized mobile is 09916129511
Aug 15, 2022 2:33:37 PM org.rmj.replication.utility.LogWrapper info
INFO: Employee C01111003207 authorized mobile is 09916129511
Aug 15, 2022 2:33:58 PM org.rmj.replication.utility.LogWrapper info
INFO: Approval: SMS Created for branch...
Aug 15, 2022 2:33:58 PM org.rmj.replication.utility.LogWrapper info
INFO: SMS Created for field specialists...
Aug 15, 2022 2:33:58 PM org.rmj.replication.utility.LogWrapper info
INFO: Employee C01111003207 authorized mobile is 09916129511
Aug 15, 2022 2:33:59 PM org.rmj.replication.utility.LogWrapper info
INFO: Approval: SMS Created for branch...
Aug 15, 2022 2:33:59 PM org.rmj.replication.utility.LogWrapper info
INFO: SMS Created for field specialists...
Aug 15, 2022 2:33:59 PM org.rmj.replication.utility.LogWrapper info
INFO: Employee C01111003207 authorized mobile is 09916129511
Aug 15, 2022 2:34:00 PM org.rmj.replication.utility.LogWrapper info
INFO: Approval: SMS Created for branch...
Aug 15, 2022 2:34:00 PM org.rmj.replication.utility.LogWrapper info
INFO: SMS Created for field specialists...
Aug 15, 2022 2:34:00 PM org.rmj.replication.utility.LogWrapper info
INFO: Employee M00121001091 authorized mobile is 09462276031
Aug 15, 2022 2:34:00 PM org.rmj.replication.utility.LogWrapper info
INFO: Approval: SMS Created for branch...
Aug 15, 2022 2:34:00 PM org.rmj.replication.utility.LogWrapper info
INFO: SMS Created for field specialists...
Aug 15, 2022 2:34:00 PM org.rmj.replication.utility.LogWrapper info
INFO: Employee M00121001495 authorized mobile is 09559285921
Aug 15, 2022 2:34:01 PM org.rmj.replication.utility.LogWrapper info
INFO: Approval: SMS Created for branch...
Aug 15, 2022 2:34:01 PM org.rmj.replication.utility.LogWrapper info
INFO: SMS Created for field specialists...
Aug 15, 2022 2:34:01 PM org.rmj.replication.utility.LogWrapper info
INFO: Employee M00197002951 authorized mobile is 09981676853
Aug 15, 2022 2:34:01 PM org.rmj.replication.utility.LogWrapper info
INFO: Approval: SMS Created for branch...
Aug 15, 2022 2:34:01 PM org.rmj.replication.utility.LogWrapper info
INFO: SMS Created for field specialists...
Aug 15, 2022 2:34:02 PM org.rmj.replication.utility.LogWrapper info
INFO: Employee M00120001786 authorized mobile is 09635292487
Aug 15, 2022 2:34:02 PM org.rmj.replication.utility.LogWrapper info
INFO: Approval: SMS Created for branch...
Aug 15, 2022 2:34:02 PM org.rmj.replication.utility.LogWrapper info
INFO: SMS Created for field specialists...
Aug 15, 2022 2:34:03 PM org.rmj.replication.utility.LogWrapper info
INFO: Employee M00121001091 authorized mobile is 09462276031
Aug 15, 2022 2:34:03 PM org.rmj.replication.utility.LogWrapper info
INFO: Approval: SMS Created for branch...
Aug 15, 2022 2:34:03 PM org.rmj.replication.utility.LogWrapper info
INFO: SMS Created for field specialists...
Aug 15, 2022 2:34:03 PM org.rmj.replication.utility.LogWrapper info
INFO: Employee M00121001091 authorized mobile is 09462276031
Aug 15, 2022 2:34:04 PM org.rmj.replication.utility.LogWrapper info
INFO: Approval: SMS Created for branch...
Aug 15, 2022 2:34:04 PM org.rmj.replication.utility.LogWrapper info
INFO: SMS Created for field specialists...
Aug 15, 2022 2:34:04 PM org.rmj.replication.utility.LogWrapper info
INFO: Employee M00117001278 authorized mobile is 09288944618
Aug 15, 2022 2:34:04 PM org.rmj.replication.utility.LogWrapper info
INFO: Approval: SMS Created for branch...
Aug 15, 2022 2:34:04 PM org.rmj.replication.utility.LogWrapper info
INFO: SMS Created for field specialists...
Aug 15, 2022 2:34:04 PM org.rmj.replication.utility.LogWrapper info
INFO: Employee M05611000473 authorized mobile is 09616288260
Aug 15, 2022 2:34:05 PM org.rmj.replication.utility.LogWrapper info
INFO: Approval: SMS Created for branch...
Aug 15, 2022 2:34:05 PM org.rmj.replication.utility.LogWrapper info
INFO: SMS Created for field specialists...
Aug 15, 2022 2:34:05 PM org.rmj.replication.utility.LogWrapper info
INFO: Employee M05611000473 authorized mobile is 09616288260
Aug 15, 2022 2:34:06 PM org.rmj.replication.utility.LogWrapper info
INFO: Approval: SMS Created for branch...
Aug 15, 2022 2:34:06 PM org.rmj.replication.utility.LogWrapper info
INFO: SMS Created for field specialists...
Aug 15, 2022 2:34:06 PM org.rmj.replication.utility.LogWrapper info
INFO: Employee M05611000473 authorized mobile is 09616288260
Aug 15, 2022 2:34:07 PM org.rmj.replication.utility.LogWrapper info
INFO: Approval: SMS Created for branch...
Aug 15, 2022 2:34:07 PM org.rmj.replication.utility.LogWrapper info
INFO: SMS Created for field specialists...
Aug 15, 2022 2:34:07 PM org.rmj.replication.utility.LogWrapper info
INFO: Employee M00117001478 authorized mobile is 09487529379
Aug 15, 2022 2:34:08 PM org.rmj.replication.utility.LogWrapper info
INFO: Approval: SMS Created for branch...
Aug 15, 2022 2:34:08 PM org.rmj.replication.utility.LogWrapper info
INFO: SMS Created for field specialists...
Aug 15, 2022 2:34:08 PM org.rmj.replication.utility.LogWrapper info
INFO: Employee M00121001495 authorized mobile is 09559285921
Aug 15, 2022 2:34:08 PM org.rmj.replication.utility.LogWrapper info
INFO: Approval: SMS Created for branch...
Aug 15, 2022 2:34:08 PM org.rmj.replication.utility.LogWrapper info
INFO: SMS Created for field specialists...
Aug 15, 2022 2:34:08 PM org.rmj.replication.utility.LogWrapper info
INFO: Employee M00121001495 authorized mobile is 09559285921
Aug 15, 2022 2:34:08 PM org.rmj.replication.utility.LogWrapper info
INFO: Approval: SMS Created for branch...
Aug 15, 2022 2:34:08 PM org.rmj.replication.utility.LogWrapper info
INFO: SMS Created for field specialists...
Aug 15, 2022 2:34:08 PM org.rmj.replication.utility.LogWrapper info
INFO: Employee M00121001495 authorized mobile is 09559285921
Aug 15, 2022 2:34:09 PM org.rmj.replication.utility.LogWrapper info
INFO: Approval: SMS Created for branch...
Aug 15, 2022 2:34:09 PM org.rmj.replication.utility.LogWrapper info
INFO: SMS Created for field specialists...
Aug 15, 2022 2:34:09 PM org.rmj.replication.utility.LogWrapper info
INFO: Employee M00121000072 authorized mobile is 09310614962
Aug 15, 2022 2:34:09 PM org.rmj.replication.utility.LogWrapper info
INFO: Approval: SMS Created for branch...
Aug 15, 2022 2:34:09 PM org.rmj.replication.utility.LogWrapper info
INFO: SMS Created for field specialists...
Aug 15, 2022 2:34:09 PM org.rmj.replication.utility.LogWrapper info
INFO: Employee M00121000072 authorized mobile is 09310614962
Aug 15, 2022 2:34:09 PM org.rmj.replication.utility.LogWrapper info
INFO: Approval: SMS Created for branch...
Aug 15, 2022 2:34:09 PM org.rmj.replication.utility.LogWrapper info
INFO: SMS Created for field specialists...
Aug 15, 2022 2:34:09 PM org.rmj.replication.utility.LogWrapper info
INFO: Employee M00113001548 authorized mobile is 09274958653
Aug 15, 2022 2:34:10 PM org.rmj.replication.utility.LogWrapper info
INFO: Approval: SMS Created for branch...
Aug 15, 2022 2:34:10 PM org.rmj.replication.utility.LogWrapper info
INFO: SMS Created for field specialists...
Aug 15, 2022 2:34:10 PM org.rmj.replication.utility.LogWrapper info
INFO: Employee M00113001548 authorized mobile is 09274958653
Aug 15, 2022 2:34:10 PM org.rmj.replication.utility.LogWrapper info
INFO: Approval: SMS Created for branch...
Aug 15, 2022 2:34:10 PM org.rmj.replication.utility.LogWrapper info
INFO: SMS Created for field specialists...
Aug 15, 2022 2:34:10 PM org.rmj.replication.utility.LogWrapper info
INFO: Employee M00113001548 authorized mobile is 09274958653
Aug 15, 2022 2:34:10 PM org.rmj.replication.utility.LogWrapper info
INFO: Approval: SMS Created for branch...
Aug 15, 2022 2:34:10 PM org.rmj.replication.utility.LogWrapper info
INFO: SMS Created for field specialists...
Aug 15, 2022 2:34:10 PM org.rmj.replication.utility.LogWrapper info
INFO: Employee C01111003207 authorized mobile is 09916129511
Aug 15, 2022 2:34:11 PM org.rmj.replication.utility.LogWrapper info
INFO: Approval: SMS Created for branch...
Aug 15, 2022 2:34:11 PM org.rmj.replication.utility.LogWrapper info
INFO: SMS Created for field specialists...
Aug 15, 2022 2:34:11 PM org.rmj.replication.utility.LogWrapper info
INFO: Employee C01111003207 authorized mobile is 09916129511
Aug 15, 2022 2:34:12 PM org.rmj.replication.utility.LogWrapper info
INFO: Approval: SMS Created for branch...
Aug 15, 2022 2:34:12 PM org.rmj.replication.utility.LogWrapper info
INFO: SMS Created for field specialists...
Aug 15, 2022 2:34:12 PM org.rmj.replication.utility.LogWrapper info
INFO: Employee M00117001278 authorized mobile is 09288944618
Aug 15, 2022 2:34:12 PM org.rmj.replication.utility.LogWrapper info
INFO: Approval: SMS Created for branch...
Aug 15, 2022 2:34:12 PM org.rmj.replication.utility.LogWrapper info
INFO: SMS Created for field specialists...
Aug 15, 2022 2:34:12 PM org.rmj.replication.utility.LogWrapper info
INFO: Employee M00117002602 authorized mobile is 09323196986
Aug 15, 2022 2:34:13 PM org.rmj.replication.utility.LogWrapper info
INFO: Approval: SMS Created for branch...
Aug 15, 2022 2:34:13 PM org.rmj.replication.utility.LogWrapper info
INFO: SMS Created for field specialists...
Aug 15, 2022 2:34:13 PM org.rmj.replication.utility.LogWrapper info
INFO: Employee M00117002602 authorized mobile is 09323196986
Aug 15, 2022 2:34:13 PM org.rmj.replication.utility.LogWrapper info
INFO: Approval: SMS Created for branch...
Aug 15, 2022 2:34:13 PM org.rmj.replication.utility.LogWrapper info
INFO: SMS Created for field specialists...
Aug 15, 2022 2:34:13 PM org.rmj.replication.utility.LogWrapper info
INFO: Employee M00117002602 authorized mobile is 09323196986
Aug 15, 2022 2:34:13 PM org.rmj.replication.utility.LogWrapper info
INFO: Approval: SMS Created for branch...
Aug 15, 2022 2:34:13 PM org.rmj.replication.utility.LogWrapper info
INFO: SMS Created for field specialists...
Aug 15, 2022 2:34:14 PM org.rmj.replication.utility.LogWrapper info
INFO: Employee M00119001340 authorized mobile is 09175065800
Aug 15, 2022 2:34:14 PM org.rmj.replication.utility.LogWrapper info
INFO: Approval: SMS Created for branch...
Aug 15, 2022 2:34:14 PM org.rmj.replication.utility.LogWrapper info
INFO: SMS Created for field specialists...
Aug 15, 2022 2:34:14 PM org.rmj.replication.utility.LogWrapper info
INFO: Employee M00121001091 authorized mobile is 09462276031
Aug 15, 2022 2:34:14 PM org.rmj.replication.utility.LogWrapper info
INFO: Approval: SMS Created for branch...
Aug 15, 2022 2:34:14 PM org.rmj.replication.utility.LogWrapper info
INFO: SMS Created for field specialists...
Aug 15, 2022 2:34:14 PM org.rmj.replication.utility.LogWrapper info
INFO: Employee M00121001495 authorized mobile is 09559285921
Aug 15, 2022 2:34:15 PM org.rmj.replication.utility.LogWrapper info
INFO: Approval: SMS Created for branch...
Aug 15, 2022 2:34:15 PM org.rmj.replication.utility.LogWrapper info
INFO: SMS Created for field specialists...
Aug 15, 2022 2:34:15 PM org.rmj.replication.utility.LogWrapper info
INFO: Employee M00119002710 authorized mobile is 09954624566
Aug 15, 2022 2:34:15 PM org.rmj.replication.utility.LogWrapper info
INFO: Approval: SMS Created for branch...
Aug 15, 2022 2:34:15 PM org.rmj.replication.utility.LogWrapper info
INFO: SMS Created for field specialists...
Aug 15, 2022 2:34:15 PM org.rmj.replication.utility.LogWrapper info
INFO: Employee M00122000720 authorized mobile is 09380943605
Aug 15, 2022 2:34:15 PM org.rmj.replication.utility.LogWrapper info
INFO: Approval: SMS Created for branch...
Aug 15, 2022 2:34:15 PM org.rmj.replication.utility.LogWrapper info
INFO: SMS Created for field specialists...
Aug 15, 2022 2:34:15 PM org.rmj.replication.utility.LogWrapper info
INFO: Employee C01111003207 authorized mobile is 09916129511
Aug 15, 2022 2:34:16 PM org.rmj.replication.utility.LogWrapper info
INFO: Approval: SMS Created for branch...
Aug 15, 2022 2:34:16 PM org.rmj.replication.utility.LogWrapper info
INFO: SMS Created for field specialists...
Aug 15, 2022 2:34:16 PM org.rmj.replication.utility.LogWrapper info
INFO: Employee C01111003207 authorized mobile is 09916129511
Aug 15, 2022 2:34:17 PM org.rmj.replication.utility.LogWrapper info
INFO: Approval: SMS Created for branch...
Aug 15, 2022 2:34:17 PM org.rmj.replication.utility.LogWrapper info
INFO: SMS Created for field specialists...
Aug 15, 2022 2:34:17 PM org.rmj.replication.utility.LogWrapper info
INFO: Employee M00122000720 authorized mobile is 09380943605
Aug 15, 2022 2:34:18 PM org.rmj.replication.utility.LogWrapper info
INFO: Approval: SMS Created for branch...
Aug 15, 2022 2:34:18 PM org.rmj.replication.utility.LogWrapper info
INFO: SMS Created for field specialists...
Aug 15, 2022 2:34:18 PM org.rmj.replication.utility.LogWrapper info
INFO: Employee M00119002529 authorized mobile is 09430915430
Aug 15, 2022 2:34:18 PM org.rmj.replication.utility.LogWrapper info
INFO: Approval: SMS Created for branch...
Aug 15, 2022 2:34:18 PM org.rmj.replication.utility.LogWrapper info
INFO: SMS Created for field specialists...
Aug 15, 2022 2:34:19 PM org.rmj.replication.utility.LogWrapper info
INFO: Employee M00119002529 authorized mobile is 09430915430
Aug 15, 2022 2:34:19 PM org.rmj.replication.utility.LogWrapper info
INFO: Approval: SMS Created for branch...
Aug 15, 2022 2:34:19 PM org.rmj.replication.utility.LogWrapper info
INFO: SMS Created for field specialists...
Aug 15, 2022 2:34:19 PM org.rmj.replication.utility.LogWrapper info
INFO: Employee M00121000072 authorized mobile is 09310614962
Aug 15, 2022 2:34:20 PM org.rmj.replication.utility.LogWrapper info
INFO: Approval: SMS Created for branch...
Aug 15, 2022 2:34:20 PM org.rmj.replication.utility.LogWrapper info
INFO: SMS Created for field specialists...
Aug 15, 2022 2:34:20 PM org.rmj.replication.utility.LogWrapper info
INFO: Employee M00119002710 authorized mobile is 09954624566
Aug 15, 2022 2:34:20 PM org.rmj.replication.utility.LogWrapper info
INFO: Approval: SMS Created for branch...
Aug 15, 2022 2:34:20 PM org.rmj.replication.utility.LogWrapper info
INFO: SMS Created for field specialists...
Aug 15, 2022 2:34:20 PM org.rmj.replication.utility.LogWrapper info
INFO: Employee M00122000071 authorized mobile is 09773465331
Aug 15, 2022 2:34:21 PM org.rmj.replication.utility.LogWrapper info
INFO: Approval: SMS Created for branch...
Aug 15, 2022 2:34:21 PM org.rmj.replication.utility.LogWrapper info
INFO: SMS Created for field specialists...
Aug 15, 2022 2:34:21 PM org.rmj.replication.utility.LogWrapper info
INFO: Employee M00119002529 authorized mobile is 09430915430
Aug 15, 2022 2:34:21 PM org.rmj.replication.utility.LogWrapper info
INFO: Approval: SMS Created for branch...
Aug 15, 2022 2:34:21 PM org.rmj.replication.utility.LogWrapper info
INFO: SMS Created for field specialists...
Aug 15, 2022 2:34:21 PM org.rmj.replication.utility.LogWrapper info
INFO: Employee M00115000726 authorized mobile is 09269741428
Aug 15, 2022 2:34:22 PM org.rmj.replication.utility.LogWrapper info
INFO: Approval: SMS Created for branch...
Aug 15, 2022 2:34:22 PM org.rmj.replication.utility.LogWrapper info
INFO: SMS Created for field specialists...
Aug 15, 2022 2:34:22 PM org.rmj.replication.utility.LogWrapper info
INFO: Employee M00114000720 authorized mobile is 09531283570
Aug 15, 2022 2:34:22 PM org.rmj.replication.utility.LogWrapper info
INFO: Approval: SMS Created for branch...
Aug 15, 2022 2:34:22 PM org.rmj.replication.utility.LogWrapper info
INFO: SMS Created for field specialists...
Aug 15, 2022 2:34:22 PM org.rmj.replication.utility.LogWrapper info
INFO: Employee M00115000726 authorized mobile is 09269741428
Aug 15, 2022 2:34:23 PM org.rmj.replication.utility.LogWrapper info
INFO: Approval: SMS Created for branch...
Aug 15, 2022 2:34:23 PM org.rmj.replication.utility.LogWrapper info
INFO: SMS Created for field specialists...
Aug 15, 2022 2:34:23 PM org.rmj.replication.utility.LogWrapper info
INFO: Employee M00120002020 authorized mobile is 09566994387
Aug 15, 2022 2:34:24 PM org.rmj.replication.utility.LogWrapper info
INFO: Approval: SMS Created for branch...
Aug 15, 2022 2:34:24 PM org.rmj.replication.utility.LogWrapper info
INFO: SMS Created for field specialists...
Aug 16, 2022 1:43:35 PM org.rmj.replication.utility.LogWrapper info
INFO: Employee C01111003207 authorized mobile is 09916129511
Aug 16, 2022 1:43:35 PM org.rmj.replication.utility.LogWrapper info
INFO: Approval: SMS Created for branch...
Aug 16, 2022 1:43:35 PM org.rmj.replication.utility.LogWrapper info
INFO: SMS Created for field specialists...
Aug 16, 2022 1:43:35 PM org.rmj.replication.utility.LogWrapper info
INFO: Employee C01111003207 authorized mobile is 09916129511
Aug 16, 2022 1:43:36 PM org.rmj.replication.utility.LogWrapper info
INFO: Approval: SMS Created for branch...
Aug 16, 2022 1:43:36 PM org.rmj.replication.utility.LogWrapper info
INFO: SMS Created for field specialists...
Aug 16, 2022 1:43:36 PM org.rmj.replication.utility.LogWrapper info
INFO: Employee C01111003207 authorized mobile is 09916129511
Aug 16, 2022 1:43:36 PM org.rmj.replication.utility.LogWrapper info
INFO: Approval: SMS Created for branch...
Aug 16, 2022 1:43:36 PM org.rmj.replication.utility.LogWrapper info
INFO: SMS Created for field specialists...
Aug 16, 2022 1:43:36 PM org.rmj.replication.utility.LogWrapper info
INFO: Employee C01111003207 authorized mobile is 09916129511
Aug 16, 2022 1:43:37 PM org.rmj.replication.utility.LogWrapper info
INFO: Approval: SMS Created for branch...
Aug 16, 2022 1:43:37 PM org.rmj.replication.utility.LogWrapper info
INFO: SMS Created for field specialists...
Aug 16, 2022 1:43:37 PM org.rmj.replication.utility.LogWrapper info
INFO: Employee C01111003207 authorized mobile is 09916129511
Aug 16, 2022 1:43:37 PM org.rmj.replication.utility.LogWrapper info
INFO: Approval: SMS Created for branch...
Aug 16, 2022 1:43:37 PM org.rmj.replication.utility.LogWrapper info
INFO: SMS Created for field specialists...
Aug 16, 2022 1:43:37 PM org.rmj.replication.utility.LogWrapper info
INFO: Employee M00121001495 authorized mobile is 09559285921
Aug 16, 2022 1:43:37 PM org.rmj.replication.utility.LogWrapper info
INFO: Approval: SMS Created for branch...
Aug 16, 2022 1:43:37 PM org.rmj.replication.utility.LogWrapper info
INFO: SMS Created for field specialists...
Aug 16, 2022 1:43:37 PM org.rmj.replication.utility.LogWrapper info
INFO: Employee M00119001340 authorized mobile is 09175065800
Aug 16, 2022 1:43:38 PM org.rmj.replication.utility.LogWrapper info
INFO: Approval: SMS Created for branch...
Aug 16, 2022 1:43:38 PM org.rmj.replication.utility.LogWrapper info
INFO: SMS Created for field specialists...
Aug 16, 2022 1:43:38 PM org.rmj.replication.utility.LogWrapper info
INFO: Employee M00120001550 authorized mobile is 09389855137
Aug 16, 2022 1:43:38 PM org.rmj.replication.utility.LogWrapper info
INFO: Approval: SMS Created for branch...
Aug 16, 2022 1:43:38 PM org.rmj.replication.utility.LogWrapper info
INFO: SMS Created for field specialists...
Aug 16, 2022 1:43:38 PM org.rmj.replication.utility.LogWrapper info
INFO: Employee M00122000720 authorized mobile is 09380943605
Aug 16, 2022 1:43:39 PM org.rmj.replication.utility.LogWrapper info
INFO: Approval: SMS Created for branch...
Aug 16, 2022 1:43:39 PM org.rmj.replication.utility.LogWrapper info
INFO: SMS Created for field specialists...
Aug 16, 2022 1:43:39 PM org.rmj.replication.utility.LogWrapper info
INFO: Employee M00119002710 authorized mobile is 09954624566
Aug 16, 2022 1:43:39 PM org.rmj.replication.utility.LogWrapper info
INFO: Approval: SMS Created for branch...
Aug 16, 2022 1:43:39 PM org.rmj.replication.utility.LogWrapper info
INFO: SMS Created for field specialists...
Aug 16, 2022 1:43:39 PM org.rmj.replication.utility.LogWrapper info
INFO: Employee C01111003207 authorized mobile is 09916129511
Aug 16, 2022 1:43:39 PM org.rmj.replication.utility.LogWrapper info
INFO: Approval: SMS Created for branch...
Aug 16, 2022 1:43:39 PM org.rmj.replication.utility.LogWrapper info
INFO: SMS Created for field specialists...
Aug 16, 2022 1:43:39 PM org.rmj.replication.utility.LogWrapper info
INFO: Employee M05611000473 authorized mobile is 09616288260
Aug 16, 2022 1:43:39 PM org.rmj.replication.utility.LogWrapper info
INFO: Approval: SMS Created for branch...
Aug 16, 2022 1:43:39 PM org.rmj.replication.utility.LogWrapper info
INFO: SMS Created for field specialists...
Aug 16, 2022 1:43:39 PM org.rmj.replication.utility.LogWrapper info
INFO: Employee M00122000720 authorized mobile is 09380943605
Aug 16, 2022 1:43:40 PM org.rmj.replication.utility.LogWrapper info
INFO: Approval: SMS Created for branch...
Aug 16, 2022 1:43:40 PM org.rmj.replication.utility.LogWrapper info
INFO: SMS Created for field specialists...
Aug 16, 2022 1:43:40 PM org.rmj.replication.utility.LogWrapper info
INFO: Employee M00119001340 authorized mobile is 09175065800
Aug 16, 2022 1:43:40 PM org.rmj.replication.utility.LogWrapper info
INFO: Approval: SMS Created for branch...
Aug 16, 2022 1:43:40 PM org.rmj.replication.utility.LogWrapper info
INFO: SMS Created for field specialists...
Aug 16, 2022 1:43:40 PM org.rmj.replication.utility.LogWrapper info
INFO: Employee M00121001495 authorized mobile is 09559285921
Aug 16, 2022 1:43:41 PM org.rmj.replication.utility.LogWrapper info
INFO: Approval: SMS Created for branch...
Aug 16, 2022 1:43:41 PM org.rmj.replication.utility.LogWrapper info
INFO: SMS Created for field specialists...
Aug 16, 2022 1:43:41 PM org.rmj.replication.utility.LogWrapper info
INFO: Employee M00122000071 authorized mobile is 09773465331
Aug 16, 2022 1:43:41 PM org.rmj.replication.utility.LogWrapper info
INFO: Approval: SMS Created for branch...
Aug 16, 2022 1:43:41 PM org.rmj.replication.utility.LogWrapper info
INFO: SMS Created for field specialists...
Aug 16, 2022 1:43:41 PM org.rmj.replication.utility.LogWrapper info
INFO: Employee M00120002020 authorized mobile is 09566994387
Aug 16, 2022 1:43:41 PM org.rmj.replication.utility.LogWrapper info
INFO: Approval: SMS Created for branch...
Aug 16, 2022 1:43:41 PM org.rmj.replication.utility.LogWrapper info
INFO: SMS Created for field specialists...
Aug 16, 2022 1:43:42 PM org.rmj.replication.utility.LogWrapper info
INFO: Employee M00119002529 authorized mobile is 09430915430
Aug 16, 2022 1:43:42 PM org.rmj.replication.utility.LogWrapper info
INFO: Approval: SMS Created for branch...
Aug 16, 2022 1:43:42 PM org.rmj.replication.utility.LogWrapper info
INFO: SMS Created for field specialists...
Aug 16, 2022 1:43:42 PM org.rmj.replication.utility.LogWrapper info
INFO: Employee M00119002529 authorized mobile is 09430915430
Aug 16, 2022 1:43:42 PM org.rmj.replication.utility.LogWrapper info
INFO: Approval: SMS Created for branch...
Aug 16, 2022 1:43:42 PM org.rmj.replication.utility.LogWrapper info
INFO: SMS Created for field specialists...
Aug 16, 2022 1:43:42 PM org.rmj.replication.utility.LogWrapper info
INFO: Employee M00120002020 authorized mobile is 09566994387
Aug 16, 2022 1:43:43 PM org.rmj.replication.utility.LogWrapper info
INFO: Approval: SMS Created for branch...
Aug 16, 2022 1:43:43 PM org.rmj.replication.utility.LogWrapper info
INFO: SMS Created for field specialists...
Aug 22, 2022 10:04:20 AM org.rmj.replication.utility.LogWrapper info
INFO: Employee M00119001340 authorized mobile is 09175065800
Aug 22, 2022 10:04:21 AM org.rmj.replication.utility.LogWrapper info
INFO: Approval: SMS Created for branch...
Aug 22, 2022 10:04:21 AM org.rmj.replication.utility.LogWrapper info
INFO: SMS Created for field specialists...
Aug 22, 2022 10:04:46 AM org.rmj.replication.utility.LogWrapper info
INFO: Employee M00119001340 authorized mobile is 09175065800
Aug 22, 2022 10:04:46 AM org.rmj.replication.utility.LogWrapper info
INFO: Approval: SMS Created for branch...
Aug 22, 2022 10:04:46 AM org.rmj.replication.utility.LogWrapper info
INFO: SMS Created for field specialists...
Aug 22, 2022 10:04:55 AM org.rmj.replication.utility.LogWrapper info
INFO: Employee M00119001340 authorized mobile is 09175065800
Aug 22, 2022 10:04:56 AM org.rmj.replication.utility.LogWrapper info
INFO: Approval: SMS Created for branch...
Aug 22, 2022 10:04:56 AM org.rmj.replication.utility.LogWrapper info
INFO: SMS Created for field specialists...
Aug 22, 2022 10:04:56 AM org.rmj.replication.utility.LogWrapper info
INFO: Employee M00119001340 authorized mobile is 09175065800
Aug 22, 2022 10:04:57 AM org.rmj.replication.utility.LogWrapper info
INFO: Approval: SMS Created for branch...
Aug 22, 2022 10:04:57 AM org.rmj.replication.utility.LogWrapper info
INFO: SMS Created for field specialists...
Aug 22, 2022 10:04:57 AM org.rmj.replication.utility.LogWrapper info
INFO: Employee M00119001340 authorized mobile is 09175065800
Aug 22, 2022 10:04:57 AM org.rmj.replication.utility.LogWrapper info
INFO: Approval: SMS Created for branch...
Aug 22, 2022 10:04:57 AM org.rmj.replication.utility.LogWrapper info
INFO: SMS Created for field specialists...
Aug 22, 2022 10:04:57 AM org.rmj.replication.utility.LogWrapper info
INFO: Employee M00119001340 authorized mobile is 09175065800
Aug 22, 2022 10:04:58 AM org.rmj.replication.utility.LogWrapper info
INFO: Approval: SMS Created for branch...
Aug 22, 2022 10:04:58 AM org.rmj.replication.utility.LogWrapper info
INFO: SMS Created for field specialists...
Aug 22, 2022 10:12:32 AM org.rmj.replication.utility.LogWrapper info
INFO: Employee M00119001340 authorized mobile is 09175065800
Aug 22, 2022 10:12:32 AM org.rmj.replication.utility.LogWrapper info
INFO: Approval: SMS Created for branch...
Aug 22, 2022 10:13:08 AM org.rmj.replication.utility.LogWrapper info
INFO: SMS Created for field specialists...
Sep 11, 2025 11:20:09 AM org.rmj.replication.utility.LogWrapper info
INFO: Employee M00114001028 authorized mobile is 09485814080
Sep 11, 2025 11:20:10 AM org.rmj.replication.utility.LogWrapper info
INFO: Approval: SMS Created for branch...
Sep 11, 2025 11:20:10 AM org.rmj.replication.utility.LogWrapper info
INFO: SMS Created for field specialists...
Sep 11, 2025 11:20:10 AM org.rmj.replication.utility.LogWrapper info
INFO: Employee M00114001028 authorized mobile is 09485814080
Sep 11, 2025 11:20:12 AM org.rmj.replication.utility.LogWrapper info
INFO: Approval: SMS Created for branch...
Sep 11, 2025 11:20:12 AM org.rmj.replication.utility.LogWrapper info
INFO: SMS Created for field specialists...
Sep 11, 2025 11:20:12 AM org.rmj.replication.utility.LogWrapper info
INFO: Employee M00114001028 authorized mobile is 09485814080
Sep 11, 2025 11:20:12 AM org.rmj.replication.utility.LogWrapper info
INFO: Approval: SMS Created for branch...
Sep 11, 2025 11:20:12 AM org.rmj.replication.utility.LogWrapper info
INFO: SMS Created for field specialists...
Sep 11, 2025 11:20:12 AM org.rmj.replication.utility.LogWrapper info
INFO: Employee M00114001028 authorized mobile is 09485814080
Sep 11, 2025 11:20:13 AM org.rmj.replication.utility.LogWrapper info
INFO: Approval: SMS Created for branch...
Sep 11, 2025 11:20:13 AM org.rmj.replication.utility.LogWrapper info
INFO: SMS Created for field specialists...
Sep 11, 2025 11:20:13 AM org.rmj.replication.utility.LogWrapper info
INFO: Employee M00114001028 authorized mobile is 09485814080
Sep 11, 2025 11:20:14 AM org.rmj.replication.utility.LogWrapper info
INFO: Approval: SMS Created for branch...
Sep 11, 2025 11:20:14 AM org.rmj.replication.utility.LogWrapper info
INFO: SMS Created for field specialists...
Sep 11, 2025 11:20:14 AM org.rmj.replication.utility.LogWrapper info
INFO: Employee M00114001028 authorized mobile is 09485814080
Sep 11, 2025 11:20:16 AM org.rmj.replication.utility.LogWrapper info
INFO: Approval: SMS Created for branch...
Sep 11, 2025 11:20:16 AM org.rmj.replication.utility.LogWrapper info
INFO: SMS Created for field specialists...
Sep 11, 2025 11:20:16 AM org.rmj.replication.utility.LogWrapper info
INFO: Employee M00114001028 authorized mobile is 09485814080
Sep 11, 2025 11:20:16 AM org.rmj.replication.utility.LogWrapper info
INFO: Approval: SMS Created for branch...
Sep 11, 2025 11:20:16 AM org.rmj.replication.utility.LogWrapper info
INFO: SMS Created for field specialists...
Sep 11, 2025 11:20:16 AM org.rmj.replication.utility.LogWrapper info
INFO: Employee M00114001028 authorized mobile is 09485814080
Sep 11, 2025 11:20:17 AM org.rmj.replication.utility.LogWrapper info
INFO: Approval: SMS Created for branch...
Sep 11, 2025 11:20:17 AM org.rmj.replication.utility.LogWrapper info
INFO: SMS Created for field specialists...
Sep 11, 2025 11:20:17 AM org.rmj.replication.utility.LogWrapper info
INFO: Employee M00114001028 authorized mobile is 09485814080
Sep 11, 2025 11:20:17 AM org.rmj.replication.utility.LogWrapper info
INFO: Approval: SMS Created for branch...
Sep 11, 2025 11:20:17 AM org.rmj.replication.utility.LogWrapper info
INFO: SMS Created for field specialists...
Sep 11, 2025 11:20:17 AM org.rmj.replication.utility.LogWrapper info
INFO: Employee M00114001028 authorized mobile is 09485814080
Sep 11, 2025 11:20:18 AM org.rmj.replication.utility.LogWrapper info
INFO: Approval: SMS Created for branch...
Sep 11, 2025 11:20:18 AM org.rmj.replication.utility.LogWrapper info
INFO: SMS Created for field specialists...
Sep 11, 2025 11:20:18 AM org.rmj.replication.utility.LogWrapper info
INFO: Employee M00114001028 authorized mobile is 09485814080
Sep 11, 2025 11:20:20 AM org.rmj.replication.utility.LogWrapper info
INFO: Approval: SMS Created for branch...
Sep 11, 2025 11:20:20 AM org.rmj.replication.utility.LogWrapper info
INFO: SMS Created for field specialists...
Sep 11, 2025 11:20:20 AM org.rmj.replication.utility.LogWrapper info
INFO: Employee M00114001028 authorized mobile is 09485814080
Sep 11, 2025 11:20:20 AM org.rmj.replication.utility.LogWrapper info
INFO: Approval: SMS Created for branch...
Sep 11, 2025 11:20:20 AM org.rmj.replication.utility.LogWrapper info
INFO: SMS Created for field specialists...
Sep 11, 2025 11:20:20 AM org.rmj.replication.utility.LogWrapper info
INFO: Employee M00114001028 authorized mobile is 09485814080
Sep 11, 2025 11:20:21 AM org.rmj.replication.utility.LogWrapper info
INFO: Approval: SMS Created for branch...
Sep 11, 2025 11:20:21 AM org.rmj.replication.utility.LogWrapper info
INFO: SMS Created for field specialists...
Sep 11, 2025 11:20:21 AM org.rmj.replication.utility.LogWrapper info
INFO: Employee M00114001028 authorized mobile is 09485814080
Sep 11, 2025 11:20:22 AM org.rmj.replication.utility.LogWrapper info
INFO: Approval: SMS Created for branch...
Sep 11, 2025 11:20:22 AM org.rmj.replication.utility.LogWrapper info
INFO: SMS Created for field specialists...
Sep 11, 2025 11:20:22 AM org.rmj.replication.utility.LogWrapper info
INFO: Employee M00114001028 authorized mobile is 09485814080
Sep 11, 2025 11:20:23 AM org.rmj.replication.utility.LogWrapper info
INFO: Approval: SMS Created for branch...
Sep 11, 2025 11:20:23 AM org.rmj.replication.utility.LogWrapper info
INFO: SMS Created for field specialists...
Sep 11, 2025 11:20:23 AM org.rmj.replication.utility.LogWrapper info
INFO: Employee M00114001028 authorized mobile is 09485814080
Sep 11, 2025 11:20:24 AM org.rmj.replication.utility.LogWrapper info
INFO: Approval: SMS Created for branch...
Sep 11, 2025 11:20:24 AM org.rmj.replication.utility.LogWrapper info
INFO: SMS Created for field specialists...
Sep 11, 2025 11:20:24 AM org.rmj.replication.utility.LogWrapper info
INFO: Employee M00114001028 authorized mobile is 09485814080
Sep 11, 2025 11:20:24 AM org.rmj.replication.utility.LogWrapper info
INFO: Approval: SMS Created for branch...
Sep 11, 2025 11:20:24 AM org.rmj.replication.utility.LogWrapper info
INFO: SMS Created for field specialists...
Sep 11, 2025 11:20:24 AM org.rmj.replication.utility.LogWrapper info
INFO: Employee M00114001028 authorized mobile is 09485814080
Sep 11, 2025 11:20:25 AM org.rmj.replication.utility.LogWrapper info
INFO: Approval: SMS Created for branch...
Sep 11, 2025 11:20:25 AM org.rmj.replication.utility.LogWrapper info
INFO: SMS Created for field specialists...
Sep 11, 2025 11:20:25 AM org.rmj.replication.utility.LogWrapper info
INFO: Employee M00114001028 authorized mobile is 09485814080
Sep 11, 2025 11:20:25 AM org.rmj.replication.utility.LogWrapper info
INFO: Approval: SMS Created for branch...
Sep 11, 2025 11:20:26 AM org.rmj.replication.utility.LogWrapper info
INFO: SMS Created for field specialists...
Sep 11, 2025 11:20:26 AM org.rmj.replication.utility.LogWrapper info
INFO: Employee M00114001028 authorized mobile is 09485814080
Sep 11, 2025 11:20:26 AM org.rmj.replication.utility.LogWrapper info
INFO: Approval: SMS Created for branch...
Sep 11, 2025 11:20:26 AM org.rmj.replication.utility.LogWrapper info
INFO: SMS Created for field specialists...
Sep 11, 2025 11:20:26 AM org.rmj.replication.utility.LogWrapper info
INFO: Employee M00114001028 authorized mobile is 09485814080
Sep 11, 2025 11:20:27 AM org.rmj.replication.utility.LogWrapper info
INFO: Approval: SMS Created for branch...
Sep 11, 2025 11:20:27 AM org.rmj.replication.utility.LogWrapper info
INFO: SMS Created for field specialists...
Sep 11, 2025 11:20:27 AM org.rmj.replication.utility.LogWrapper info
INFO: Employee M00114001028 authorized mobile is 09485814080
Sep 11, 2025 11:20:28 AM org.rmj.replication.utility.LogWrapper info
INFO: Approval: SMS Created for branch...
Sep 11, 2025 11:20:28 AM org.rmj.replication.utility.LogWrapper info
INFO: SMS Created for field specialists...
Sep 11, 2025 11:20:28 AM org.rmj.replication.utility.LogWrapper info
INFO: Employee M00114001028 authorized mobile is 09485814080
Sep 11, 2025 11:20:29 AM org.rmj.replication.utility.LogWrapper info
INFO: Approval: SMS Created for branch...
Sep 11, 2025 11:20:29 AM org.rmj.replication.utility.LogWrapper info
INFO: SMS Created for field specialists...
Sep 11, 2025 11:20:30 AM org.rmj.replication.utility.LogWrapper info
INFO: Employee M00114001028 authorized mobile is 09485814080
Sep 11, 2025 11:20:31 AM org.rmj.replication.utility.LogWrapper info
INFO: Approval: SMS Created for branch...
Sep 11, 2025 11:20:31 AM org.rmj.replication.utility.LogWrapper info
INFO: SMS Created for field specialists...
Sep 11, 2025 11:20:31 AM org.rmj.replication.utility.LogWrapper info
INFO: Employee M00114001028 authorized mobile is 09485814080
Sep 11, 2025 11:20:31 AM org.rmj.replication.utility.LogWrapper info
INFO: Approval: SMS Created for branch...
Sep 11, 2025 11:20:32 AM org.rmj.replication.utility.LogWrapper info
INFO: SMS Created for field specialists...
Sep 11, 2025 11:20:32 AM org.rmj.replication.utility.LogWrapper info
INFO: Employee M00114001028 authorized mobile is 09485814080
Sep 11, 2025 11:20:32 AM org.rmj.replication.utility.LogWrapper info
INFO: Approval: SMS Created for branch...
Sep 11, 2025 11:20:32 AM org.rmj.replication.utility.LogWrapper info
INFO: SMS Created for field specialists...
Sep 11, 2025 11:20:32 AM org.rmj.replication.utility.LogWrapper info
INFO: Employee M00114001028 authorized mobile is 09485814080
Sep 11, 2025 11:20:33 AM org.rmj.replication.utility.LogWrapper info
INFO: Approval: SMS Created for branch...
Sep 11, 2025 11:20:33 AM org.rmj.replication.utility.LogWrapper info
INFO: SMS Created for field specialists...
Sep 11, 2025 11:20:33 AM org.rmj.replication.utility.LogWrapper info
INFO: Employee M00114001028 authorized mobile is 09485814080
Sep 11, 2025 11:20:33 AM org.rmj.replication.utility.LogWrapper info
INFO: Approval: SMS Created for branch...
Sep 11, 2025 11:20:33 AM org.rmj.replication.utility.LogWrapper info
INFO: SMS Created for field specialists...
Sep 11, 2025 11:20:34 AM org.rmj.replication.utility.LogWrapper info
INFO: Employee M00114001028 authorized mobile is 09485814080
Sep 11, 2025 11:20:35 AM org.rmj.replication.utility.LogWrapper info
INFO: Approval: SMS Created for branch...
Sep 11, 2025 11:20:35 AM org.rmj.replication.utility.LogWrapper info
INFO: SMS Created for field specialists...
Sep 11, 2025 11:20:35 AM org.rmj.replication.utility.LogWrapper info
INFO: Employee M00114001028 authorized mobile is 09485814080
Sep 11, 2025 11:20:36 AM org.rmj.replication.utility.LogWrapper info
INFO: Approval: SMS Created for branch...
Sep 11, 2025 11:20:36 AM org.rmj.replication.utility.LogWrapper info
INFO: SMS Created for field specialists...
Sep 11, 2025 11:20:36 AM org.rmj.replication.utility.LogWrapper info
INFO: Employee M00114001028 authorized mobile is 09485814080
Sep 11, 2025 11:20:38 AM org.rmj.replication.utility.LogWrapper info
INFO: Approval: SMS Created for branch...
Sep 11, 2025 11:20:38 AM org.rmj.replication.utility.LogWrapper info
INFO: SMS Created for field specialists...
Sep 11, 2025 11:20:38 AM org.rmj.replication.utility.LogWrapper info
INFO: Employee M00114001028 authorized mobile is 09485814080
Sep 11, 2025 11:20:38 AM org.rmj.replication.utility.LogWrapper info
INFO: Approval: SMS Created for branch...
Sep 11, 2025 11:20:38 AM org.rmj.replication.utility.LogWrapper info
INFO: SMS Created for field specialists...
Sep 11, 2025 11:20:38 AM org.rmj.replication.utility.LogWrapper info
INFO: Employee M00114001028 authorized mobile is 09485814080
Sep 11, 2025 11:20:39 AM org.rmj.replication.utility.LogWrapper info
INFO: Approval: SMS Created for branch...
Sep 11, 2025 11:20:39 AM org.rmj.replication.utility.LogWrapper info
INFO: SMS Created for field specialists...
Sep 11, 2025 11:20:39 AM org.rmj.replication.utility.LogWrapper info
INFO: Employee M00114001028 authorized mobile is 09485814080
Sep 11, 2025 11:20:41 AM org.rmj.replication.utility.LogWrapper info
INFO: Approval: SMS Created for branch...
Sep 11, 2025 11:20:41 AM org.rmj.replication.utility.LogWrapper info
INFO: SMS Created for field specialists...
Sep 11, 2025 11:20:41 AM org.rmj.replication.utility.LogWrapper info
INFO: Employee M00114001028 authorized mobile is 09485814080
Sep 11, 2025 11:20:43 AM org.rmj.replication.utility.LogWrapper info
INFO: Approval: SMS Created for branch...
Sep 11, 2025 11:20:43 AM org.rmj.replication.utility.LogWrapper info
INFO: SMS Created for field specialists...
Sep 11, 2025 11:20:43 AM org.rmj.replication.utility.LogWrapper info
INFO: Employee M00114001028 authorized mobile is 09485814080
Sep 11, 2025 11:20:43 AM org.rmj.replication.utility.LogWrapper info
INFO: Approval: SMS Created for branch...
Sep 11, 2025 11:20:43 AM org.rmj.replication.utility.LogWrapper info
INFO: SMS Created for field specialists...
Sep 11, 2025 11:20:43 AM org.rmj.replication.utility.LogWrapper info
INFO: Employee M00114001028 authorized mobile is 09485814080
Sep 11, 2025 11:20:44 AM org.rmj.replication.utility.LogWrapper info
INFO: Approval: SMS Created for branch...
Sep 11, 2025 11:20:44 AM org.rmj.replication.utility.LogWrapper info
INFO: SMS Created for field specialists...
Sep 11, 2025 11:20:44 AM org.rmj.replication.utility.LogWrapper info
INFO: Employee M00114001028 authorized mobile is 09485814080
Sep 11, 2025 11:20:46 AM org.rmj.replication.utility.LogWrapper info
INFO: Approval: SMS Created for branch...
Sep 11, 2025 11:20:46 AM org.rmj.replication.utility.LogWrapper info
INFO: SMS Created for field specialists...
Sep 11, 2025 2:08:56 PM org.rmj.replication.utility.LogWrapper info
INFO: Employee M00114001028 authorized mobile is 09485814080
Sep 11, 2025 2:08:57 PM org.rmj.replication.utility.LogWrapper info
INFO: Approval: SMS Created for branch...
Sep 11, 2025 2:08:57 PM org.rmj.replication.utility.LogWrapper info
INFO: SMS Created for field specialists...
Sep 11, 2025 2:08:57 PM org.rmj.replication.utility.LogWrapper info
INFO: Employee M00114001028 authorized mobile is 09485814080
Sep 11, 2025 2:08:57 PM org.rmj.replication.utility.LogWrapper info
INFO: Approval: SMS Created for branch...
Sep 11, 2025 2:08:58 PM org.rmj.replication.utility.LogWrapper info
INFO: SMS Created for field specialists...
Sep 11, 2025 2:08:58 PM org.rmj.replication.utility.LogWrapper info
INFO: Employee M00114001028 authorized mobile is 09485814080
Sep 11, 2025 2:09:00 PM org.rmj.replication.utility.LogWrapper info
INFO: Approval: SMS Created for branch...
Sep 11, 2025 2:09:00 PM org.rmj.replication.utility.LogWrapper info
INFO: SMS Created for field specialists...
Sep 11, 2025 2:09:00 PM org.rmj.replication.utility.LogWrapper info
INFO: Employee M00114001028 authorized mobile is 09485814080
Sep 11, 2025 2:09:01 PM org.rmj.replication.utility.LogWrapper info
INFO: Approval: SMS Created for branch...
Sep 11, 2025 2:09:01 PM org.rmj.replication.utility.LogWrapper info
INFO: SMS Created for field specialists...
Sep 11, 2025 2:09:01 PM org.rmj.replication.utility.LogWrapper info
INFO: Employee M00114001028 authorized mobile is 09485814080
Sep 11, 2025 2:09:02 PM org.rmj.replication.utility.LogWrapper info
INFO: Approval: SMS Created for branch...
Sep 11, 2025 2:09:02 PM org.rmj.replication.utility.LogWrapper info
INFO: SMS Created for field specialists...
Sep 11, 2025 2:09:02 PM org.rmj.replication.utility.LogWrapper info
INFO: Employee M00114001028 authorized mobile is 09485814080
Sep 11, 2025 2:09:02 PM org.rmj.replication.utility.LogWrapper info
INFO: Approval: SMS Created for branch...
Sep 11, 2025 2:09:02 PM org.rmj.replication.utility.LogWrapper info
INFO: SMS Created for field specialists...
Sep 12, 2025 1:35:04 PM org.rmj.replication.utility.LogWrapper info
INFO: Employee M00114001028 authorized mobile is 09485814080
Sep 12, 2025 1:35:06 PM org.rmj.replication.utility.LogWrapper info
INFO: Approval: SMS Created for branch...
Sep 12, 2025 1:35:07 PM org.rmj.replication.utility.LogWrapper info
INFO: SMS Created for field specialists...
